<?xml version="1.0" encoding="UTF-8"?>
<testng-results ignored="0" total="1" passed="1" failed="0" skipped="0">
  <reporter-output>
  </reporter-output>
  <suite started-at="2021-04-20T19:10:17Z" name="Surefire suite" finished-at="2021-04-20T19:10:17Z" duration-ms="34">
    <groups>
    </groups>
    <test started-at="2021-04-20T19:10:17Z" name="Surefire test" finished-at="2021-04-20T19:10:17Z" duration-ms="34">
      <class name="com.BuchalkaTim.AppTest">
        <test-method signature="shouldAnswerWithTrue()" started-at="2021-04-20T19:10:17Z" name="shouldAnswerWithTrue" finished-at="2021-04-20T19:10:17Z" duration-ms="6" status="PASS">
          <reporter-output>
          </reporter-output>
        </test-method> <!-- shouldAnswerWithTrue -->
      </class> <!-- com.BuchalkaTim.AppTest -->
    </test> <!-- Surefire test -->
  </suite> <!-- Surefire suite -->
</testng-results>
